<?xml version="1.0" encoding="UTF-8"?>
<!-- Generated by org.testng.reporters.JUnitReportReporter -->
<testsuite hostname="DESKTOP-EJOHC9B" failures="0" tests="1" name="getMethod.validatingHeaders" time="4.995" errors="0" timestamp="2025-06-13T08:18:17 IST" skipped="0">
  <testcase classname="getMethod.validatingHeaders" name="printint_Specific_Header" time="4.995"/>
</testsuite> <!-- getMethod.validatingHeaders -->
