<?xml version="1.0" encoding="UTF-8"?>
<!-- Generated by org.testng.reporters.JUnitReportReporter -->
<testsuite hostname="DESKTOP-EJOHC9B" failures="0" tests="1" name="deleteMethod.DeleteMethod" time="2.640" errors="0" timestamp="2025-07-07T21:44:45 IST" skipped="0">
  <testcase classname="deleteMethod.DeleteMethod" name="getCartItems" time="2.640"/>
</testsuite> <!-- deleteMethod.DeleteMethod -->
