<?xml version="1.0" encoding="UTF-8"?>
<!-- Generated by org.testng.reporters.JUnitReportReporter -->
<testsuite hostname="DESKTOP-EJOHC9B" failures="0" tests="1" name="jsonSchemaValidation.JsonSchemaValidation" time="2.063" errors="0" timestamp="2025-07-19T19:49:13 IST" skipped="0">
  <testcase classname="jsonSchemaValidation.JsonSchemaValidation" name="queryParam" time="2.063"/>
</testsuite> <!-- jsonSchemaValidation.JsonSchemaValidation -->
