<?xml version="1.0" encoding="UTF-8"?>
<!-- Generated by org.testng.reporters.JUnitReportReporter -->
<testsuite hostname="DESKTOP-EJOHC9B" failures="0" tests="1" name="getMethod.statusCode_Verification" time="3.416" errors="0" timestamp="2025-05-26T21:33:28 IST" skipped="0">
  <testcase classname="getMethod.statusCode_Verification" name="validateStatusCodeWay2" time="3.416"/>
</testsuite> <!-- getMethod.statusCode_Verification -->
