<?xml version="1.0" encoding="UTF-8"?>
<!-- Generated by org.testng.reporters.JUnitReportReporter -->
<testsuite hostname="DESKTOP-EJOHC9B" failures="0" tests="1" name="getMethod.Read_And_Verify_JSONresponse" time="2.996" errors="0" timestamp="2025-05-27T22:06:43 IST" skipped="0">
  <testcase classname="getMethod.Read_And_Verify_JSONresponse" name="Verify_JSONresponse_M2" time="2.996"/>
</testsuite> <!-- getMethod.Read_And_Verify_JSONresponse -->
