<?xml version="1.0" encoding="UTF-8"?>
<!-- Generated by org.testng.reporters.JUnitReportReporter -->
<testsuite hostname="DESKTOP-EJOHC9B" failures="0" tests="1" name="postMethod.post_Method" time="0.010" errors="0" timestamp="2025-05-31T17:20:04 IST" skipped="0">
  <testcase classname="postMethod.post_Method" name="s" time="0.010"/>
</testsuite> <!-- postMethod.post_Method -->
