<?xml version="1.0" encoding="UTF-8"?>
<!-- Generated by org.testng.reporters.JUnitReportReporter -->
<testsuite hostname="DESKTOP-EJOHC9B" failures="0" tests="1" name="Serialization.Create_user_Using_Serialization" time="3.051" errors="0" timestamp="2025-06-01T19:01:21 IST" skipped="0">
  <testcase classname="Serialization.Create_user_Using_Serialization" name="createUser" time="3.051"/>
</testsuite> <!-- Serialization.Create_user_Using_Serialization -->
