<?xml version="1.0" encoding="UTF-8"?>
<!-- Generated by org.testng.reporters.JUnitReportReporter -->
<testsuite hostname="DESKTOP-EJOHC9B" failures="0" tests="1" name="authentications.Basic_Authentications" time="3.915" errors="0" timestamp="2025-05-28T23:36:48 IST" skipped="0">
  <testcase classname="authentications.Basic_Authentications" name="basic_Authentication_M2" time="3.915"/>
</testsuite> <!-- authentications.Basic_Authentications -->
