<?xml version="1.0" encoding="UTF-8"?>
<!-- Generated by org.testng.reporters.JUnitReportReporter -->
<testsuite hostname="DESKTOP-EJOHC9B" failures="0" tests="1" name="getMethod.Read_And_Verify_JSONresponse" time="3.844" errors="0" timestamp="2025-06-13T08:19:11 IST" skipped="0">
  <testcase classname="getMethod.Read_And_Verify_JSONresponse" name="Verify_JSONresponse_M2" time="3.844"/>
</testsuite> <!-- getMethod.Read_And_Verify_JSONresponse -->
