<?xml version="1.0" encoding="UTF-8"?>
<!-- Generated by org.testng.reporters.JUnitReportReporter -->
<testsuite hostname="DESKTOP-EJOHC9B" failures="0" tests="1" name="jsonSchemaValidation.JsonSchemaValidation" time="2.491" errors="0" timestamp="2025-07-19T12:22:48 IST" skipped="0">
  <testcase classname="jsonSchemaValidation.JsonSchemaValidation" name="jsonSchemaValidation" time="2.491"/>
</testsuite> <!-- jsonSchemaValidation.JsonSchemaValidation -->
