<?xml version="1.0" encoding="UTF-8"?>
<!-- Generated by org.testng.reporters.JUnitReportReporter -->
<testsuite hostname="DESKTOP-EJOHC9B" failures="0" tests="2" name="getMethod.validatingHeaders" time="4.629" errors="0" timestamp="2025-05-26T22:08:50 IST" skipped="0">
  <testcase classname="getMethod.validatingHeaders" name="printing_All_Headers" time="2.954"/>
  <testcase classname="getMethod.validatingHeaders" name="printint_Specific_Header" time="1.675"/>
</testsuite> <!-- getMethod.validatingHeaders -->
