<?xml version="1.0" encoding="UTF-8"?>
<!-- Generated by org.testng.reporters.JUnitReportReporter -->
<testsuite hostname="DESKTOP-EJOHC9B" failures="0" tests="1" name="putMethod.UpdateCartUsingPUT" time="2.751" errors="0" timestamp="2025-07-06T22:04:34 IST" skipped="0">
  <testcase classname="putMethod.UpdateCartUsingPUT" name="getCartItems" time="2.751"/>
</testsuite> <!-- putMethod.UpdateCartUsingPUT -->
