<?xml version="1.0" encoding="UTF-8"?>
<!-- Generated by org.testng.reporters.JUnitReportReporter -->
<testsuite hostname="DESKTOP-EJOHC9B" failures="0" tests="1" name="postMethod.postUsingMap" time="2.810" errors="0" timestamp="2025-06-28T13:34:09 IST" skipped="0">
  <testcase classname="postMethod.postUsingMap" name="postusingMap" time="2.810"/>
</testsuite> <!-- postMethod.postUsingMap -->
