<?xml version="1.0" encoding="UTF-8"?>
<!-- Generated by org.testng.reporters.JUnitReportReporter -->
<testsuite hostname="DESKTOP-EJOHC9B" failures="0" tests="1" name="pathAndQueryParams.QueryParameter" time="1.902" errors="0" timestamp="2025-07-19T19:58:35 IST" skipped="0">
  <testcase classname="pathAndQueryParams.QueryParameter" name="queryParam" time="1.902"/>
</testsuite> <!-- pathAndQueryParams.QueryParameter -->
