<?xml version="1.0" encoding="UTF-8"?>
<!-- Generated by org.testng.reporters.JUnitReportReporter -->
<testsuite hostname="DESKTOP-EJOHC9B" failures="0" tests="1" name="deserialization_1.Get_Single_user" time="2.265" errors="0" timestamp="2025-06-13T08:48:31 IST" skipped="0">
  <testcase classname="deserialization_1.Get_Single_user" name="sing" time="2.265"/>
</testsuite> <!-- deserialization_1.Get_Single_user -->
