<?xml version="1.0" encoding="UTF-8"?>
<!-- Generated by org.testng.reporters.JUnitReportReporter -->
<testsuite hostname="DESKTOP-EJOHC9B" failures="0" tests="1" name="deserialization.deserialization" time="1.963" errors="0" timestamp="2025-06-01T21:50:23 IST" skipped="0">
  <testcase classname="deserialization.deserialization" name="decreialization" time="1.963"/>
</testsuite> <!-- deserialization.deserialization -->
